2021-09-13 10:22:00,436:PyQt5.uic.uiparser:DEBUG:uiname is login:
2021-09-13 10:22:00,730:PyQt5.uic.uiparser:DEBUG:toplevel widget is QMainWindow:
2021-09-13 10:22:00,730:PyQt5.uic.properties:DEBUG:setting property geometry:
2021-09-13 10:22:00,731:PyQt5.uic.properties:DEBUG:setting property windowTitle:
2021-09-13 10:22:00,731:PyQt5.uic.properties:DEBUG:setting property styleSheet:
2021-09-13 10:22:00,859:PyQt5.uic.uiparser:DEBUG:push QMainWindow login:
2021-09-13 10:22:00,859:PyQt5.uic.uiparser:DEBUG:push QWidget centralwidget:
2021-09-13 10:22:01,252:PyQt5.uic.properties:DEBUG:setting property geometry:
2021-09-13 10:22:01,307:PyQt5.uic.properties:DEBUG:setting property styleSheet:
2021-09-13 10:22:01,308:PyQt5.uic.uiparser:DEBUG:push QLineEdit Login:
2021-09-13 10:22:01,308:PyQt5.uic.uiparser:DEBUG:pop widget QLineEdit Login:
2021-09-13 10:22:01,308:PyQt5.uic.uiparser:DEBUG:new topwidget <PyQt5.QtWidgets.QWidget object at 0x000001BC3CD969D0>:
2021-09-13 10:22:01,309:PyQt5.uic.properties:DEBUG:setting property geometry:
2021-09-13 10:22:01,309:PyQt5.uic.properties:DEBUG:setting property styleSheet:
2021-09-13 10:22:01,309:PyQt5.uic.uiparser:DEBUG:push QLineEdit senhar:
2021-09-13 10:22:01,309:PyQt5.uic.uiparser:DEBUG:pop widget QLineEdit senhar:
2021-09-13 10:22:01,310:PyQt5.uic.uiparser:DEBUG:new topwidget <PyQt5.QtWidgets.QWidget object at 0x000001BC3CD969D0>:
2021-09-13 10:22:01,331:PyQt5.uic.properties:DEBUG:setting property geometry:
2021-09-13 10:22:01,332:PyQt5.uic.properties:DEBUG:setting property font:
2021-09-13 10:22:01,356:PyQt5.uic.properties:DEBUG:setting property styleSheet:
2021-09-13 10:22:01,356:PyQt5.uic.properties:DEBUG:setting property text:
2021-09-13 10:22:01,383:PyQt5.uic.uiparser:DEBUG:push QPushButton cadastror:
2021-09-13 10:22:01,383:PyQt5.uic.uiparser:DEBUG:pop widget QPushButton cadastror:
2021-09-13 10:22:01,383:PyQt5.uic.uiparser:DEBUG:new topwidget <PyQt5.QtWidgets.QWidget object at 0x000001BC3CD969D0>:
2021-09-13 10:22:01,384:PyQt5.uic.properties:DEBUG:setting property geometry:
2021-09-13 10:22:01,384:PyQt5.uic.properties:DEBUG:setting property font:
2021-09-13 10:22:01,385:PyQt5.uic.properties:DEBUG:setting property styleSheet:
2021-09-13 10:22:01,386:PyQt5.uic.properties:DEBUG:setting property text:
2021-09-13 10:22:01,386:PyQt5.uic.uiparser:DEBUG:push QPushButton entra:
2021-09-13 10:22:01,386:PyQt5.uic.uiparser:DEBUG:pop widget QPushButton entra:
2021-09-13 10:22:01,387:PyQt5.uic.uiparser:DEBUG:new topwidget <PyQt5.QtWidgets.QWidget object at 0x000001BC3CD969D0>:
2021-09-13 10:22:01,432:PyQt5.uic.properties:DEBUG:setting property geometry:
2021-09-13 10:22:01,432:PyQt5.uic.properties:DEBUG:setting property styleSheet:
2021-09-13 10:22:01,433:PyQt5.uic.properties:DEBUG:setting property text:
2021-09-13 10:22:01,433:PyQt5.uic.uiparser:DEBUG:push QLabel erro:
2021-09-13 10:22:01,433:PyQt5.uic.uiparser:DEBUG:pop widget QLabel erro:
2021-09-13 10:22:01,433:PyQt5.uic.uiparser:DEBUG:new topwidget <PyQt5.QtWidgets.QWidget object at 0x000001BC3CD969D0>:
2021-09-13 10:22:01,434:PyQt5.uic.properties:DEBUG:setting property geometry:
2021-09-13 10:22:01,434:PyQt5.uic.properties:DEBUG:setting property font:
2021-09-13 10:22:01,434:PyQt5.uic.properties:DEBUG:setting property text:
2021-09-13 10:22:01,440:PyQt5.uic.uiparser:DEBUG:push QLabel label:
2021-09-13 10:22:01,440:PyQt5.uic.uiparser:DEBUG:pop widget QLabel label:
2021-09-13 10:22:01,441:PyQt5.uic.uiparser:DEBUG:new topwidget <PyQt5.QtWidgets.QWidget object at 0x000001BC3CD969D0>:
2021-09-13 10:22:01,441:PyQt5.uic.properties:DEBUG:setting property geometry:
2021-09-13 10:22:01,441:PyQt5.uic.properties:DEBUG:setting property font:
2021-09-13 10:22:01,442:PyQt5.uic.properties:DEBUG:setting property text:
2021-09-13 10:22:01,442:PyQt5.uic.uiparser:DEBUG:push QLabel label_2:
2021-09-13 10:22:01,442:PyQt5.uic.uiparser:DEBUG:pop widget QLabel label_2:
2021-09-13 10:22:01,442:PyQt5.uic.uiparser:DEBUG:new topwidget <PyQt5.QtWidgets.QWidget object at 0x000001BC3CD969D0>:
2021-09-13 10:22:01,443:PyQt5.uic.properties:DEBUG:setting property geometry:
2021-09-13 10:22:01,443:PyQt5.uic.properties:DEBUG:setting property font:
2021-09-13 10:22:01,444:PyQt5.uic.properties:DEBUG:setting property styleSheet:
2021-09-13 10:22:01,444:PyQt5.uic.properties:DEBUG:setting property text:
2021-09-13 10:22:01,444:PyQt5.uic.uiparser:DEBUG:push QLabel label_3:
2021-09-13 10:22:01,444:PyQt5.uic.uiparser:DEBUG:pop widget QLabel label_3:
2021-09-13 10:22:01,445:PyQt5.uic.uiparser:DEBUG:new topwidget <PyQt5.QtWidgets.QWidget object at 0x000001BC3CD969D0>:
2021-09-13 10:22:01,445:PyQt5.uic.uiparser:DEBUG:pop widget QWidget centralwidget:
2021-09-13 10:22:01,445:PyQt5.uic.uiparser:DEBUG:new topwidget <PyQt5.QtWidgets.QMainWindow object at 0x000001BC3CD96DC0>:
2021-09-13 10:22:01,445:PyQt5.uic.uiparser:DEBUG:pop widget QMainWindow login:
2021-09-13 10:22:01,446:PyQt5.uic.uiparser:DEBUG:new topwidget None:
2021-09-13 10:22:01,476:PyQt5.uic.uiparser:DEBUG:uiname is mainWindow:
2021-09-13 10:22:01,476:PyQt5.uic.uiparser:DEBUG:toplevel widget is QMainWindow:
2021-09-13 10:22:01,477:PyQt5.uic.properties:DEBUG:setting property geometry:
2021-09-13 10:22:01,477:PyQt5.uic.properties:DEBUG:setting property windowTitle:
2021-09-13 10:22:01,477:PyQt5.uic.properties:DEBUG:setting property styleSheet:
2021-09-13 10:22:01,477:PyQt5.uic.uiparser:DEBUG:push QMainWindow mainWindow:
2021-09-13 10:22:01,478:PyQt5.uic.uiparser:DEBUG:push QWidget centralwidget:
2021-09-13 10:22:01,478:PyQt5.uic.properties:DEBUG:setting property geometry:
2021-09-13 10:22:01,479:PyQt5.uic.properties:DEBUG:setting property font:
2021-09-13 10:22:01,479:PyQt5.uic.properties:DEBUG:setting property styleSheet:
2021-09-13 10:22:01,479:PyQt5.uic.properties:DEBUG:setting property text:
2021-09-13 10:22:01,480:PyQt5.uic.uiparser:DEBUG:push QPushButton sair:
2021-09-13 10:22:01,480:PyQt5.uic.uiparser:DEBUG:pop widget QPushButton sair:
2021-09-13 10:22:01,480:PyQt5.uic.uiparser:DEBUG:new topwidget <PyQt5.QtWidgets.QWidget object at 0x000001BC3D35A1F0>:
2021-09-13 10:22:01,480:PyQt5.uic.properties:DEBUG:setting property geometry:
2021-09-13 10:22:01,481:PyQt5.uic.properties:DEBUG:setting property font:
2021-09-13 10:22:01,481:PyQt5.uic.properties:DEBUG:setting property styleSheet:
2021-09-13 10:22:01,481:PyQt5.uic.properties:DEBUG:setting property text:
2021-09-13 10:22:01,494:PyQt5.uic.uiparser:DEBUG:push QLabel label:
2021-09-13 10:22:01,495:PyQt5.uic.uiparser:DEBUG:pop widget QLabel label:
2021-09-13 10:22:01,495:PyQt5.uic.uiparser:DEBUG:new topwidget <PyQt5.QtWidgets.QWidget object at 0x000001BC3D35A1F0>:
2021-09-13 10:22:01,495:PyQt5.uic.uiparser:DEBUG:pop widget QWidget centralwidget:
2021-09-13 10:22:01,495:PyQt5.uic.uiparser:DEBUG:new topwidget <PyQt5.QtWidgets.QMainWindow object at 0x000001BC3D35A160>:
2021-09-13 10:22:01,529:PyQt5.uic.uiparser:DEBUG:push QStatusBar statusbar:
2021-09-13 10:22:01,529:PyQt5.uic.uiparser:DEBUG:pop widget QStatusBar statusbar:
2021-09-13 10:22:01,529:PyQt5.uic.uiparser:DEBUG:new topwidget <PyQt5.QtWidgets.QMainWindow object at 0x000001BC3D35A160>:
2021-09-13 10:22:01,530:PyQt5.uic.uiparser:DEBUG:pop widget QMainWindow mainWindow:
2021-09-13 10:22:01,530:PyQt5.uic.uiparser:DEBUG:new topwidget None:
2021-09-13 10:22:01,622:PyQt5.uic.uiparser:DEBUG:uiname is MainWindow:
2021-09-13 10:22:01,622:PyQt5.uic.uiparser:DEBUG:toplevel widget is QMainWindow:
2021-09-13 10:22:01,622:PyQt5.uic.properties:DEBUG:setting property geometry:
2021-09-13 10:22:01,622:PyQt5.uic.properties:DEBUG:setting property windowTitle:
2021-09-13 10:22:01,623:PyQt5.uic.properties:DEBUG:setting property styleSheet:
2021-09-13 10:22:01,623:PyQt5.uic.uiparser:DEBUG:push QMainWindow MainWindow:
2021-09-13 10:22:01,624:PyQt5.uic.uiparser:DEBUG:push QWidget centralwidget:
2021-09-13 10:22:01,624:PyQt5.uic.properties:DEBUG:setting property geometry:
2021-09-13 10:22:01,624:PyQt5.uic.properties:DEBUG:setting property font:
2021-09-13 10:22:01,625:PyQt5.uic.properties:DEBUG:setting property styleSheet:
2021-09-13 10:22:01,625:PyQt5.uic.properties:DEBUG:setting property text:
2021-09-13 10:22:01,625:PyQt5.uic.uiparser:DEBUG:push QLabel erro:
2021-09-13 10:22:01,625:PyQt5.uic.uiparser:DEBUG:pop widget QLabel erro:
2021-09-13 10:22:01,626:PyQt5.uic.uiparser:DEBUG:new topwidget <PyQt5.QtWidgets.QWidget object at 0x000001BC3D35A310>:
2021-09-13 10:22:01,626:PyQt5.uic.properties:DEBUG:setting property geometry:
2021-09-13 10:22:01,626:PyQt5.uic.properties:DEBUG:setting property font:
2021-09-13 10:22:01,627:PyQt5.uic.properties:DEBUG:setting property styleSheet:
2021-09-13 10:22:01,627:PyQt5.uic.properties:DEBUG:setting property text:
2021-09-13 10:22:01,627:PyQt5.uic.uiparser:DEBUG:push QLabel label_3:
2021-09-13 10:22:01,627:PyQt5.uic.uiparser:DEBUG:pop widget QLabel label_3:
2021-09-13 10:22:01,628:PyQt5.uic.uiparser:DEBUG:new topwidget <PyQt5.QtWidgets.QWidget object at 0x000001BC3D35A310>:
2021-09-13 10:22:01,628:PyQt5.uic.properties:DEBUG:setting property geometry:
2021-09-13 10:22:01,628:PyQt5.uic.properties:DEBUG:setting property styleSheet:
2021-09-13 10:22:01,629:PyQt5.uic.uiparser:DEBUG:push QLineEdit login:
2021-09-13 10:22:01,629:PyQt5.uic.uiparser:DEBUG:pop widget QLineEdit login:
2021-09-13 10:22:01,629:PyQt5.uic.uiparser:DEBUG:new topwidget <PyQt5.QtWidgets.QWidget object at 0x000001BC3D35A310>:
2021-09-13 10:22:01,630:PyQt5.uic.properties:DEBUG:setting property geometry:
2021-09-13 10:22:01,630:PyQt5.uic.properties:DEBUG:setting property styleSheet:
2021-09-13 10:22:01,630:PyQt5.uic.uiparser:DEBUG:push QLineEdit senhar:
2021-09-13 10:22:01,630:PyQt5.uic.uiparser:DEBUG:pop widget QLineEdit senhar:
2021-09-13 10:22:01,631:PyQt5.uic.uiparser:DEBUG:new topwidget <PyQt5.QtWidgets.QWidget object at 0x000001BC3D35A310>:
2021-09-13 10:22:01,631:PyQt5.uic.properties:DEBUG:setting property geometry:
2021-09-13 10:22:01,631:PyQt5.uic.properties:DEBUG:setting property styleSheet:
2021-09-13 10:22:01,632:PyQt5.uic.uiparser:DEBUG:push QLineEdit c_senhar:
2021-09-13 10:22:01,632:PyQt5.uic.uiparser:DEBUG:pop widget QLineEdit c_senhar:
2021-09-13 10:22:01,632:PyQt5.uic.uiparser:DEBUG:new topwidget <PyQt5.QtWidgets.QWidget object at 0x000001BC3D35A310>:
2021-09-13 10:22:01,632:PyQt5.uic.properties:DEBUG:setting property geometry:
2021-09-13 10:22:01,633:PyQt5.uic.properties:DEBUG:setting property font:
2021-09-13 10:22:01,633:PyQt5.uic.properties:DEBUG:setting property text:
2021-09-13 10:22:01,633:PyQt5.uic.uiparser:DEBUG:push QLabel label:
2021-09-13 10:22:01,634:PyQt5.uic.uiparser:DEBUG:pop widget QLabel label:
2021-09-13 10:22:01,634:PyQt5.uic.uiparser:DEBUG:new topwidget <PyQt5.QtWidgets.QWidget object at 0x000001BC3D35A310>:
2021-09-13 10:22:01,634:PyQt5.uic.properties:DEBUG:setting property geometry:
2021-09-13 10:22:01,634:PyQt5.uic.properties:DEBUG:setting property font:
2021-09-13 10:22:01,635:PyQt5.uic.properties:DEBUG:setting property text:
2021-09-13 10:22:01,635:PyQt5.uic.uiparser:DEBUG:push QLabel label_2:
2021-09-13 10:22:01,635:PyQt5.uic.uiparser:DEBUG:pop widget QLabel label_2:
2021-09-13 10:22:01,636:PyQt5.uic.uiparser:DEBUG:new topwidget <PyQt5.QtWidgets.QWidget object at 0x000001BC3D35A310>:
2021-09-13 10:22:01,636:PyQt5.uic.properties:DEBUG:setting property geometry:
2021-09-13 10:22:01,636:PyQt5.uic.properties:DEBUG:setting property font:
2021-09-13 10:22:01,637:PyQt5.uic.properties:DEBUG:setting property text:
2021-09-13 10:22:01,637:PyQt5.uic.uiparser:DEBUG:push QLabel label_4:
2021-09-13 10:22:01,637:PyQt5.uic.uiparser:DEBUG:pop widget QLabel label_4:
2021-09-13 10:22:01,637:PyQt5.uic.uiparser:DEBUG:new topwidget <PyQt5.QtWidgets.QWidget object at 0x000001BC3D35A310>:
2021-09-13 10:22:01,638:PyQt5.uic.properties:DEBUG:setting property geometry:
2021-09-13 10:22:01,638:PyQt5.uic.properties:DEBUG:setting property font:
2021-09-13 10:22:01,639:PyQt5.uic.properties:DEBUG:setting property styleSheet:
2021-09-13 10:22:01,639:PyQt5.uic.properties:DEBUG:setting property text:
2021-09-13 10:22:01,639:PyQt5.uic.uiparser:DEBUG:push QPushButton voltar:
2021-09-13 10:22:01,639:PyQt5.uic.uiparser:DEBUG:pop widget QPushButton voltar:
2021-09-13 10:22:01,640:PyQt5.uic.uiparser:DEBUG:new topwidget <PyQt5.QtWidgets.QWidget object at 0x000001BC3D35A310>:
2021-09-13 10:22:01,640:PyQt5.uic.properties:DEBUG:setting property geometry:
2021-09-13 10:22:01,640:PyQt5.uic.properties:DEBUG:setting property font:
2021-09-13 10:22:01,641:PyQt5.uic.properties:DEBUG:setting property styleSheet:
2021-09-13 10:22:01,641:PyQt5.uic.properties:DEBUG:setting property text:
2021-09-13 10:22:01,641:PyQt5.uic.uiparser:DEBUG:push QPushButton cadastror:
2021-09-13 10:22:01,641:PyQt5.uic.uiparser:DEBUG:pop widget QPushButton cadastror:
2021-09-13 10:22:01,642:PyQt5.uic.uiparser:DEBUG:new topwidget <PyQt5.QtWidgets.QWidget object at 0x000001BC3D35A310>:
2021-09-13 10:22:01,642:PyQt5.uic.uiparser:DEBUG:pop widget QWidget centralwidget:
2021-09-13 10:22:01,642:PyQt5.uic.uiparser:DEBUG:new topwidget <PyQt5.QtWidgets.QMainWindow object at 0x000001BC3D35A3A0>:
2021-09-13 10:22:01,643:PyQt5.uic.uiparser:DEBUG:push QStatusBar statusbar:
2021-09-13 10:22:01,643:PyQt5.uic.uiparser:DEBUG:pop widget QStatusBar statusbar:
2021-09-13 10:22:01,643:PyQt5.uic.uiparser:DEBUG:new topwidget <PyQt5.QtWidgets.QMainWindow object at 0x000001BC3D35A3A0>:
2021-09-13 10:22:01,643:PyQt5.uic.uiparser:DEBUG:pop widget QMainWindow MainWindow:
2021-09-13 10:22:01,643:PyQt5.uic.uiparser:DEBUG:new topwidget None:
